Using pre-set license
Built from '2020.3/staging' branch; Version is '2020.3.0f1 (c7b5465681fb) revision 13088070'; Using compiler version '192528614'; Build Type 'Release'
OS: 'Windows 10 Pro; OS build 19042.985; Version 2009; 64bit' Language: 'es' Physical Memory: 16256 MB
BatchMode: 1, IsHumanControllingUs: 0, StartBugReporterOnCrash: 0, Is64bit: 1, IsPro: 0

 COMMAND LINE ARGUMENTS:
I:\Unity\2020.3.0f1\Editor\Unity.exe
-adb2
-batchMode
-noUpm
-name
AssetImportWorker0
-projectPath
I:/Unity/Proyectos/Examen_Casual
-logFile
Logs/AssetImportWorker0.log
-srvPort
63196
Successfully changed project path to: I:/Unity/Proyectos/Examen_Casual
I:/Unity/Proyectos/Examen_Casual
Using Asset Import Pipeline V2.
Refreshing native plugins compatible for Editor in 46.83 ms, found 1 plugins.
Preloading 0 native plugins for Editor in 0.00 ms.
Initialize engine version: 2020.3.0f1 (c7b5465681fb)
[Subsystems] Discovering subsystems at path I:/Unity/2020.3.0f1/Editor/Data/Resources/UnitySubsystems
[Subsystems] Discovering subsystems at path I:/Unity/Proyectos/Examen_Casual/Assets
GfxDevice: creating device client; threaded=0
Direct3D:
    Version:  Direct3D 11.0 [level 11.0]
    Renderer: NVIDIA GeForce GTX 650 Ti BOOST (ID=0x11c2)
    Vendor:   
    VRAM:     1998 MB
    Driver:   27.21.14.6647
Initialize mono
Mono path[0] = 'I:/Unity/2020.3.0f1/Editor/Data/Managed'
Mono path[1] = 'I:/Unity/2020.3.0f1/Editor/Data/MonoBleedingEdge/lib/mono/unityjit'
Mono config path = 'I:/Unity/2020.3.0f1/Editor/Data/MonoBleedingEdge/etc'
Using monoOptions --debugger-agent=transport=dt_socket,embedding=1,server=y,suspend=n,address=127.0.0.1:56900
Begin MonoManager ReloadAssembly
Registering precompiled unity dll's ...
Register platform support module: I:/Unity/2020.3.0f1/Editor/Data/PlaybackEngines/WindowsStandaloneSupport/UnityEditor.WindowsStandalone.Extensions.dll
Registered in 0.004869 seconds.
Native extension for WindowsStandalone target not found
Refreshing native plugins compatible for Editor in 45.45 ms, found 1 plugins.
Preloading 0 native plugins for Editor in 0.00 ms.
Invoked RoslynAnalysisRunner static constructor.
RoslynAnalysisRunner will not be running.
RoslynAnalysisRunner has terminated.
Mono: successfully reloaded assembly
- Completed reload, in  2.925 seconds
Platform modules already initialized, skipping
Registering precompiled user dll's ...
Registered in 0.001898 seconds.
Begin MonoManager ReloadAssembly
Native extension for WindowsStandalone target not found
Refreshing native plugins compatible for Editor in 44.88 ms, found 1 plugins.
Preloading 0 native plugins for Editor in 0.00 ms.
Invoked RoslynAnalysisRunner static constructor.
RoslynAnalysisRunner will not be running.
RoslynAnalysisRunner has terminated.
Mono: successfully reloaded assembly
- Completed reload, in  1.358 seconds
Platform modules already initialized, skipping
========================================================================
Worker process is ready to serve import requests
Launched and connected shader compiler UnityShaderCompiler.exe after 0.05 seconds
Refreshing native plugins compatible for Editor in 0.43 ms, found 1 plugins.
Preloading 0 native plugins for Editor in 0.00 ms.
Unloading 1806 Unused Serialized files (Serialized files now loaded: 0)
System memory in use before: 87.3 MB.
System memory in use after: 87.3 MB.

Unloading 24 unused Assets to reduce memory usage. Loaded Objects now: 2248.
Total: 3.139100 ms (FindLiveObjects: 0.222600 ms CreateObjectMapping: 0.082000 ms MarkObjects: 2.595600 ms  DeleteObjects: 0.237500 ms)

========================================================================
Received Import Request.
  path: Assets/Scenes/Agua.unity
  artifactKey: Guid(6366bed2db48fb9418bea867b9d84221) Importer(815301076,1909f56bfc062723c751e8b465ee728b)
Start importing Assets/Scenes/Agua.unity using Guid(6366bed2db48fb9418bea867b9d84221) Importer(815301076,1909f56bfc062723c751e8b465ee728b)  -> (artifact id: '8045e11ef5d661ca12b68a36bd6b087d') in 0.020021 seconds
  Import took 0.024234 seconds .

========================================================================
Received Import Request.
  Time since last request: 0.000290 seconds.
  path: Assets/Scenes/Nivel 1.unity
  artifactKey: Guid(2cda990e2423bbf4892e6590ba056729) Importer(815301076,1909f56bfc062723c751e8b465ee728b)
Start importing Assets/Scenes/Nivel 1.unity using Guid(2cda990e2423bbf4892e6590ba056729) Importer(815301076,1909f56bfc062723c751e8b465ee728b)  -> (artifact id: '264c46168d45415de024adcb1d9c4379') in 0.011954 seconds
  Import took 0.015429 seconds .

========================================================================
Received Prepare
Registering precompiled user dll's ...
Registered in 0.002446 seconds.
Begin MonoManager ReloadAssembly
Native extension for WindowsStandalone target not found
Refreshing native plugins compatible for Editor in 0.50 ms, found 1 plugins.
Preloading 0 native plugins for Editor in 0.00 ms.
Invalid AssetDatabase path: /Editor/EditorResources/cm_logo_sm.png. Use path relative to the project folder.
UnityEngine.StackTraceUtility:ExtractStackTrace ()
UnityEditor.AssetDatabase:LoadAssetAtPath<UnityEngine.Texture2D> (string)
Cinemachine.Editor.CinemachineSettings:get_CinemachineLogoTexture () (at Library/PackageCache/com.unity.cinemachine@2.6.5/Editor/Windows/CinemachineSettings.cs:205)
Cinemachine.Editor.CinemachineSettings:.cctor () (at Library/PackageCache/com.unity.cinemachine@2.6.5/Editor/Windows/CinemachineSettings.cs:237)
Cinemachine.CinemachineColliderPrefs:.cctor () (at Library/PackageCache/com.unity.cinemachine@2.6.5/Editor/Windows/CinemachineColliderPrefs.cs:61)
System.Runtime.CompilerServices.RuntimeHelpers:RunClassConstructor (System.RuntimeTypeHandle)
UnityEditor.EditorAssemblies:ProcessInitializeOnLoadAttributes (System.Type[])

[Library/PackageCache/com.unity.cinemachine@2.6.5/Editor/Windows/CinemachineSettings.cs line 205]

Invoked RoslynAnalysisRunner static constructor.
RoslynAnalysisRunner will not be running.
RoslynAnalysisRunner has terminated.
Mono: successfully reloaded assembly
- Completed reload, in  1.300 seconds
Platform modules already initialized, skipping
Refreshing native plugins compatible for Editor in 0.54 ms, found 1 plugins.
Preloading 0 native plugins for Editor in 0.00 ms.
Unloading 1947 Unused Serialized files (Serialized files now loaded: 0)
System memory in use before: 92.3 MB.
System memory in use after: 92.3 MB.

Unloading 13 unused Assets to reduce memory usage. Loaded Objects now: 2397.
Total: 4.073500 ms (FindLiveObjects: 0.434200 ms CreateObjectMapping: 0.213800 ms MarkObjects: 3.199100 ms  DeleteObjects: 0.224600 ms)

========================================================================
Received Import Request.
  Time since last request: 49.670568 seconds.
  path: Assets/Scenes
  artifactKey: Guid(4187c4cc118e72a4084a884fa849eff9) Importer(815301076,1909f56bfc062723c751e8b465ee728b)
Start importing Assets/Scenes using Guid(4187c4cc118e72a4084a884fa849eff9) Importer(815301076,1909f56bfc062723c751e8b465ee728b)  -> (artifact id: '9256c3369fb54c903a3a043ef8a72752') in 0.014617 seconds
  Import took 0.019380 seconds .

========================================================================
Received Import Request.
  Time since last request: 4.526772 seconds.
  path: Assets
  artifactKey: Guid(00000000000000001000000000000000) Importer(815301076,1909f56bfc062723c751e8b465ee728b)
Start importing Assets using Guid(00000000000000001000000000000000) Importer(815301076,1909f56bfc062723c751e8b465ee728b)  -> (artifact id: '42baae205c97e3337697759514652acd') in 0.012107 seconds
  Import took 0.016442 seconds .

========================================================================
Received Import Request.
  Time since last request: 5.411160 seconds.
  path: Assets/Scripts
  artifactKey: Guid(a0b45d20efd4fb24ead5a3f703e3bddc) Importer(815301076,1909f56bfc062723c751e8b465ee728b)
Start importing Assets/Scripts using Guid(a0b45d20efd4fb24ead5a3f703e3bddc) Importer(815301076,1909f56bfc062723c751e8b465ee728b)  -> (artifact id: 'd2cf6c10893402159cbae9d2eeb0803c') in 0.012768 seconds
  Import took 0.017414 seconds .

========================================================================
Received Import Request.
  Time since last request: 0.000875 seconds.
  path: Assets/Scripts
  artifactKey: Guid(a0b45d20efd4fb24ead5a3f703e3bddc) Importer(815301076,1909f56bfc062723c751e8b465ee728b)
Start importing Assets/Scripts using Guid(a0b45d20efd4fb24ead5a3f703e3bddc) Importer(815301076,1909f56bfc062723c751e8b465ee728b)  -> (artifact id: 'd2cf6c10893402159cbae9d2eeb0803c') in 0.006468 seconds
  Import took 0.010796 seconds .

========================================================================
Received Import Request.
  Time since last request: 1.033552 seconds.
  path: Assets/Scripts 1
  artifactKey: Guid(a2bf974f9861e6c429c1353910cf5197) Importer(815301076,1909f56bfc062723c751e8b465ee728b)
Start importing Assets/Scripts 1 using Guid(a2bf974f9861e6c429c1353910cf5197) Importer(815301076,1909f56bfc062723c751e8b465ee728b)  -> (artifact id: '371ebc5d22bbdf57f15f40f854d11f0a') in 0.013597 seconds
  Import took 0.017918 seconds .

========================================================================
Received Import Request.
  Time since last request: 0.950105 seconds.
  path: Assets/Scripts 2
  artifactKey: Guid(83ee4226c5e0d304694e557b853d7884) Importer(815301076,1909f56bfc062723c751e8b465ee728b)
Start importing Assets/Scripts 2 using Guid(83ee4226c5e0d304694e557b853d7884) Importer(815301076,1909f56bfc062723c751e8b465ee728b)  -> (artifact id: 'a976047d6eed8786112dcd47c13d0780') in 0.013313 seconds
  Import took 0.018381 seconds .

========================================================================
Received Import Request.
  Time since last request: 12.041226 seconds.
  path: Assets/Prefabs
  artifactKey: Guid(a2bf974f9861e6c429c1353910cf5197) Importer(815301076,1909f56bfc062723c751e8b465ee728b)
Start importing Assets/Prefabs using Guid(a2bf974f9861e6c429c1353910cf5197) Importer(815301076,1909f56bfc062723c751e8b465ee728b)  -> (artifact id: '4e2c6d2d0902988d4071ef0c513d65e9') in 0.011333 seconds
  Import took 0.018046 seconds .

========================================================================
Received Import Request.
  Time since last request: 7.309518 seconds.
  path: Assets/Sprites
  artifactKey: Guid(83ee4226c5e0d304694e557b853d7884) Importer(815301076,1909f56bfc062723c751e8b465ee728b)
Start importing Assets/Sprites using Guid(83ee4226c5e0d304694e557b853d7884) Importer(815301076,1909f56bfc062723c751e8b465ee728b)  -> (artifact id: 'e1ba33d30bf3964a1fecc9a3a9ca941b') in 0.011196 seconds
  Import took 0.015598 seconds .

========================================================================
Received Import Request.
  Time since last request: 6.926488 seconds.
  path: Assets/Scripts/Agua.cs
  artifactKey: Guid(907c6cb2fe4f412499f7063268a71453) Importer(815301076,1909f56bfc062723c751e8b465ee728b)
Start importing Assets/Scripts/Agua.cs using Guid(907c6cb2fe4f412499f7063268a71453) Importer(815301076,1909f56bfc062723c751e8b465ee728b)  -> (artifact id: '4362a17ca6e1073e0f056c4f620567eb') in 0.047288 seconds
  Import took 0.051408 seconds .

========================================================================
Received Prepare
Registering precompiled user dll's ...
Registered in 0.002051 seconds.
Begin MonoManager ReloadAssembly
Native extension for WindowsStandalone target not found
Refreshing native plugins compatible for Editor in 0.45 ms, found 1 plugins.
Preloading 0 native plugins for Editor in 0.00 ms.
Invoked RoslynAnalysisRunner static constructor.
RoslynAnalysisRunner will not be running.
RoslynAnalysisRunner has terminated.
Mono: successfully reloaded assembly
- Completed reload, in  1.240 seconds
Platform modules already initialized, skipping
Refreshing native plugins compatible for Editor in 0.48 ms, found 1 plugins.
Preloading 0 native plugins for Editor in 0.00 ms.
Unloading 1949 Unused Serialized files (Serialized files now loaded: 0)
System memory in use before: 92.5 MB.
System memory in use after: 92.5 MB.

Unloading 14 unused Assets to reduce memory usage. Loaded Objects now: 2403.
Total: 3.428700 ms (FindLiveObjects: 0.334400 ms CreateObjectMapping: 0.193400 ms MarkObjects: 2.721300 ms  DeleteObjects: 0.178100 ms)

========================================================================
Received Import Request.
  Time since last request: 17.042744 seconds.
  path: Assets/Scripts/Vaso.cs
  artifactKey: Guid(a588c70f52f961b478a1501979d84a1d) Importer(815301076,1909f56bfc062723c751e8b465ee728b)
Start importing Assets/Scripts/Vaso.cs using Guid(a588c70f52f961b478a1501979d84a1d) Importer(815301076,1909f56bfc062723c751e8b465ee728b)  -> (artifact id: '83fb556fbf0caf3bc5cc3d2f86dcee06') in 0.016397 seconds
  Import took 0.021545 seconds .

========================================================================
Received Import Request.
  Time since last request: 0.002492 seconds.
  path: Assets/Scripts/Vaso.cs
  artifactKey: Guid(a588c70f52f961b478a1501979d84a1d) Importer(815301076,1909f56bfc062723c751e8b465ee728b)
Start importing Assets/Scripts/Vaso.cs using Guid(a588c70f52f961b478a1501979d84a1d) Importer(815301076,1909f56bfc062723c751e8b465ee728b)  -> (artifact id: '83fb556fbf0caf3bc5cc3d2f86dcee06') in 0.008119 seconds
  Import took 0.014045 seconds .

========================================================================
Received Prepare
Registering precompiled user dll's ...
Registered in 0.001809 seconds.
Begin MonoManager ReloadAssembly
Native extension for WindowsStandalone target not found
Refreshing native plugins compatible for Editor in 0.51 ms, found 1 plugins.
Preloading 0 native plugins for Editor in 0.00 ms.
Invoked RoslynAnalysisRunner static constructor.
RoslynAnalysisRunner will not be running.
RoslynAnalysisRunner has terminated.
Mono: successfully reloaded assembly
- Completed reload, in  1.406 seconds
Platform modules already initialized, skipping
Refreshing native plugins compatible for Editor in 0.54 ms, found 1 plugins.
Preloading 0 native plugins for Editor in 0.00 ms.
Unloading 1949 Unused Serialized files (Serialized files now loaded: 0)
System memory in use before: 92.5 MB.
System memory in use after: 92.5 MB.

Unloading 14 unused Assets to reduce memory usage. Loaded Objects now: 2408.
Total: 3.869300 ms (FindLiveObjects: 0.211600 ms CreateObjectMapping: 0.088900 ms MarkObjects: 2.577000 ms  DeleteObjects: 0.990100 ms)

========================================================================
Received Import Request.
  Time since last request: 14.429261 seconds.
  path: Assets/Scripts/Mesa.cs
  artifactKey: Guid(0f6498dc24ab97d4c9c6f9e70578539d) Importer(815301076,1909f56bfc062723c751e8b465ee728b)
Start importing Assets/Scripts/Mesa.cs using Guid(0f6498dc24ab97d4c9c6f9e70578539d) Importer(815301076,1909f56bfc062723c751e8b465ee728b)  -> (artifact id: '55eaa3555134da1da7bde2d796664086') in 0.019388 seconds
  Import took 0.024953 seconds .

========================================================================
Received Import Request.
  Time since last request: 0.001108 seconds.
  path: Assets/Scripts/Mesa.cs
  artifactKey: Guid(0f6498dc24ab97d4c9c6f9e70578539d) Importer(815301076,1909f56bfc062723c751e8b465ee728b)
Start importing Assets/Scripts/Mesa.cs using Guid(0f6498dc24ab97d4c9c6f9e70578539d) Importer(815301076,1909f56bfc062723c751e8b465ee728b)  -> (artifact id: '55eaa3555134da1da7bde2d796664086') in 0.004389 seconds
  Import took 0.009012 seconds .

========================================================================
Received Prepare
Registering precompiled user dll's ...
Registered in 0.002055 seconds.
Begin MonoManager ReloadAssembly
Native extension for WindowsStandalone target not found
Refreshing native plugins compatible for Editor in 0.44 ms, found 1 plugins.
Preloading 0 native plugins for Editor in 0.00 ms.
Invoked RoslynAnalysisRunner static constructor.
RoslynAnalysisRunner will not be running.
RoslynAnalysisRunner has terminated.
Mono: successfully reloaded assembly
- Completed reload, in  1.252 seconds
Platform modules already initialized, skipping
Refreshing native plugins compatible for Editor in 0.42 ms, found 1 plugins.
Preloading 0 native plugins for Editor in 0.00 ms.
Unloading 1950 Unused Serialized files (Serialized files now loaded: 0)
System memory in use before: 92.6 MB.
System memory in use after: 92.6 MB.

Unloading 14 unused Assets to reduce memory usage. Loaded Objects now: 2413.
Total: 3.303100 ms (FindLiveObjects: 0.294400 ms CreateObjectMapping: 0.165500 ms MarkObjects: 2.665900 ms  DeleteObjects: 0.175600 ms)

========================================================================
Received Import Request.
  Time since last request: 12.524191 seconds.
  path: Assets/Scripts/DispensadorAgua.cs
  artifactKey: Guid(2d4676a3d73fc5c419a25b68d3526353) Importer(815301076,1909f56bfc062723c751e8b465ee728b)
Start importing Assets/Scripts/DispensadorAgua.cs using Guid(2d4676a3d73fc5c419a25b68d3526353) Importer(815301076,1909f56bfc062723c751e8b465ee728b)  -> (artifact id: '60c642b84c31be9c31614acab33a27b7') in 0.015510 seconds
  Import took 0.019832 seconds .

========================================================================
Received Prepare
Registering precompiled user dll's ...
Registered in 0.001747 seconds.
Begin MonoManager ReloadAssembly
Native extension for WindowsStandalone target not found
Refreshing native plugins compatible for Editor in 0.50 ms, found 1 plugins.
Preloading 0 native plugins for Editor in 0.00 ms.
Invoked RoslynAnalysisRunner static constructor.
RoslynAnalysisRunner will not be running.
RoslynAnalysisRunner has terminated.
Mono: successfully reloaded assembly
- Completed reload, in  1.271 seconds
Platform modules already initialized, skipping
Refreshing native plugins compatible for Editor in 0.53 ms, found 1 plugins.
Preloading 0 native plugins for Editor in 0.00 ms.
Unloading 1951 Unused Serialized files (Serialized files now loaded: 0)
System memory in use before: 92.6 MB.
System memory in use after: 92.6 MB.

Unloading 14 unused Assets to reduce memory usage. Loaded Objects now: 2418.
Total: 2.515100 ms (FindLiveObjects: 0.217900 ms CreateObjectMapping: 0.088600 ms MarkObjects: 2.053000 ms  DeleteObjects: 0.153600 ms)

========================================================================
Received Import Request.
  Time since last request: 14.827728 seconds.
  path: Assets/Scripts/Inventario.cs
  artifactKey: Guid(a039cad9f5b829243aad50f4fa358293) Importer(815301076,1909f56bfc062723c751e8b465ee728b)
Start importing Assets/Scripts/Inventario.cs using Guid(a039cad9f5b829243aad50f4fa358293) Importer(815301076,1909f56bfc062723c751e8b465ee728b)  -> (artifact id: '8d55d0e572f1398c631aa4719674605d') in 0.023033 seconds
  Import took 0.030785 seconds .

========================================================================
Received Prepare
Registering precompiled user dll's ...
Registered in 0.001789 seconds.
Begin MonoManager ReloadAssembly
Native extension for WindowsStandalone target not found
Refreshing native plugins compatible for Editor in 0.51 ms, found 1 plugins.
Preloading 0 native plugins for Editor in 0.00 ms.
Invoked RoslynAnalysisRunner static constructor.
RoslynAnalysisRunner will not be running.
RoslynAnalysisRunner has terminated.
Mono: successfully reloaded assembly
- Completed reload, in  1.250 seconds
Platform modules already initialized, skipping
Refreshing native plugins compatible for Editor in 0.47 ms, found 1 plugins.
Preloading 0 native plugins for Editor in 0.00 ms.
Unloading 1952 Unused Serialized files (Serialized files now loaded: 0)
System memory in use before: 92.6 MB.
System memory in use after: 92.6 MB.

Unloading 14 unused Assets to reduce memory usage. Loaded Objects now: 2423.
Total: 2.627600 ms (FindLiveObjects: 0.351600 ms CreateObjectMapping: 0.096300 ms MarkObjects: 2.013400 ms  DeleteObjects: 0.164900 ms)

========================================================================
Received Import Request.
  Time since last request: 69.102247 seconds.
  path: Assets/Scripts/PlayerMovement.cs
  artifactKey: Guid(b4c91e786d19e9641a6b53bec13b5df4) Importer(815301076,1909f56bfc062723c751e8b465ee728b)
Start importing Assets/Scripts/PlayerMovement.cs using Guid(b4c91e786d19e9641a6b53bec13b5df4) Importer(815301076,1909f56bfc062723c751e8b465ee728b)  -> (artifact id: 'ef7af150001e31fa87081e7f0db7e505') in 0.015658 seconds
  Import took 0.019616 seconds .

========================================================================
Received Import Request.
  Time since last request: 0.000953 seconds.
  path: Assets/Scripts/PlayerMovement.cs
  artifactKey: Guid(b4c91e786d19e9641a6b53bec13b5df4) Importer(815301076,1909f56bfc062723c751e8b465ee728b)
Start importing Assets/Scripts/PlayerMovement.cs using Guid(b4c91e786d19e9641a6b53bec13b5df4) Importer(815301076,1909f56bfc062723c751e8b465ee728b)  -> (artifact id: 'ef7af150001e31fa87081e7f0db7e505') in 0.005941 seconds
  Import took 0.009991 seconds .

========================================================================
Received Prepare
Registering precompiled user dll's ...
Registered in 0.001800 seconds.
Begin MonoManager ReloadAssembly
Native extension for WindowsStandalone target not found
Refreshing native plugins compatible for Editor in 0.52 ms, found 1 plugins.
Preloading 0 native plugins for Editor in 0.00 ms.
Invoked RoslynAnalysisRunner static constructor.
RoslynAnalysisRunner will not be running.
RoslynAnalysisRunner has terminated.
Mono: successfully reloaded assembly
- Completed reload, in  1.295 seconds
Platform modules already initialized, skipping
Refreshing native plugins compatible for Editor in 0.48 ms, found 1 plugins.
Preloading 0 native plugins for Editor in 0.00 ms.
Unloading 1953 Unused Serialized files (Serialized files now loaded: 0)
System memory in use before: 92.7 MB.
System memory in use after: 92.7 MB.

Unloading 14 unused Assets to reduce memory usage. Loaded Objects now: 2428.
Total: 2.827200 ms (FindLiveObjects: 0.292700 ms CreateObjectMapping: 0.183700 ms MarkObjects: 2.204700 ms  DeleteObjects: 0.144900 ms)

========================================================================
Received Import Request.
  Time since last request: 15.081635 seconds.
  path: Assets/Scripts/Atomo.cs
  artifactKey: Guid(ada3890c96531e4459fffd5a5c93f094) Importer(815301076,1909f56bfc062723c751e8b465ee728b)
Start importing Assets/Scripts/Atomo.cs using Guid(ada3890c96531e4459fffd5a5c93f094) Importer(815301076,1909f56bfc062723c751e8b465ee728b)  -> (artifact id: '9ed560ef7acc1120f71d2708bdd937c5') in 0.018429 seconds
  Import took 0.023329 seconds .

========================================================================
Received Import Request.
  Time since last request: 0.000698 seconds.
  path: Assets/Scripts/Atomo.cs
  artifactKey: Guid(ada3890c96531e4459fffd5a5c93f094) Importer(815301076,1909f56bfc062723c751e8b465ee728b)
Start importing Assets/Scripts/Atomo.cs using Guid(ada3890c96531e4459fffd5a5c93f094) Importer(815301076,1909f56bfc062723c751e8b465ee728b)  -> (artifact id: '9ed560ef7acc1120f71d2708bdd937c5') in 0.006390 seconds
  Import took 0.012857 seconds .

========================================================================
Received Prepare
Registering precompiled user dll's ...
Registered in 0.001772 seconds.
Begin MonoManager ReloadAssembly
Native extension for WindowsStandalone target not found
Refreshing native plugins compatible for Editor in 0.46 ms, found 1 plugins.
Preloading 0 native plugins for Editor in 0.00 ms.
Invoked RoslynAnalysisRunner static constructor.
RoslynAnalysisRunner will not be running.
RoslynAnalysisRunner has terminated.
Mono: successfully reloaded assembly
- Completed reload, in  1.406 seconds
Platform modules already initialized, skipping
Refreshing native plugins compatible for Editor in 0.43 ms, found 1 plugins.
Preloading 0 native plugins for Editor in 0.00 ms.
Unloading 1954 Unused Serialized files (Serialized files now loaded: 0)
System memory in use before: 92.7 MB.
System memory in use after: 92.7 MB.

Unloading 14 unused Assets to reduce memory usage. Loaded Objects now: 2433.
Total: 2.652300 ms (FindLiveObjects: 0.241800 ms CreateObjectMapping: 0.096800 ms MarkObjects: 2.146900 ms  DeleteObjects: 0.165500 ms)

========================================================================
Received Import Request.
  Time since last request: 44.858402 seconds.
  path: ProjectSettings/TagManager.asset
  artifactKey: Guid(00000000000000003000000000000000) Importer(815301076,1909f56bfc062723c751e8b465ee728b)
Start importing ProjectSettings/TagManager.asset using Guid(00000000000000003000000000000000) Importer(815301076,1909f56bfc062723c751e8b465ee728b)  -> (artifact id: '779d5949113fa91bb85f64f090860d93') in 0.030422 seconds
  Import took 0.034892 seconds .

========================================================================
Received Prepare
Registering precompiled user dll's ...
Registered in 0.001740 seconds.
Begin MonoManager ReloadAssembly
Native extension for WindowsStandalone target not found
Refreshing native plugins compatible for Editor in 0.45 ms, found 1 plugins.
Preloading 0 native plugins for Editor in 0.00 ms.
Invoked RoslynAnalysisRunner static constructor.
RoslynAnalysisRunner will not be running.
RoslynAnalysisRunner has terminated.
Mono: successfully reloaded assembly
- Completed reload, in  1.309 seconds
Platform modules already initialized, skipping
Refreshing native plugins compatible for Editor in 0.47 ms, found 1 plugins.
Preloading 0 native plugins for Editor in 0.00 ms.
Unloading 1954 Unused Serialized files (Serialized files now loaded: 0)
System memory in use before: 92.7 MB.
System memory in use after: 92.7 MB.

Unloading 15 unused Assets to reduce memory usage. Loaded Objects now: 2437.
Total: 2.996700 ms (FindLiveObjects: 0.309800 ms CreateObjectMapping: 0.194300 ms MarkObjects: 2.324000 ms  DeleteObjects: 0.167300 ms)

========================================================================
Received Import Request.
  Time since last request: 257.417327 seconds.
  path: Assets/Scripts/DispensadorAgua.cs
  artifactKey: Guid(2d4676a3d73fc5c419a25b68d3526353) Importer(815301076,1909f56bfc062723c751e8b465ee728b)
Start importing Assets/Scripts/DispensadorAgua.cs using Guid(2d4676a3d73fc5c419a25b68d3526353) Importer(815301076,1909f56bfc062723c751e8b465ee728b)  -> (artifact id: 'a35b31c6640d7e4bd66dc5c94756de27') in 0.012267 seconds
  Import took 0.016406 seconds .

========================================================================
Received Import Request.
  Time since last request: 0.000180 seconds.
  path: Assets/Scripts/Vaso.cs
  artifactKey: Guid(a588c70f52f961b478a1501979d84a1d) Importer(815301076,1909f56bfc062723c751e8b465ee728b)
Start importing Assets/Scripts/Vaso.cs using Guid(a588c70f52f961b478a1501979d84a1d) Importer(815301076,1909f56bfc062723c751e8b465ee728b)  -> (artifact id: 'c04f4c8ddcb2cd68d4b242dacaedd4cf') in 0.002904 seconds
  Import took 0.006850 seconds .

========================================================================
Received Import Request.
  Time since last request: 0.545748 seconds.
  path: Assets/Scripts/Agua.cs
  artifactKey: Guid(907c6cb2fe4f412499f7063268a71453) Importer(815301076,1909f56bfc062723c751e8b465ee728b)
Start importing Assets/Scripts/Agua.cs using Guid(907c6cb2fe4f412499f7063268a71453) Importer(815301076,1909f56bfc062723c751e8b465ee728b)  -> (artifact id: '973beb0937f8d580eb169be5d668d554') in 0.003632 seconds
  Import took 0.008479 seconds .

AssetImportWorkerClient::OnTransportError - code=2 error=End of file
